2025-06-13T10:57:49.208+08:00  INFO 10092 --- [ClothWashing] [main] c.example.demo.ClothWashingApplication   : Starting ClothWashingApplication using Java 21.0.6 with PID 10092 (C:\Users\NTPU\git\clothwashing\target\classes started by NTPU in C:\Users\NTPU\git\clothwashing)
2025-06-13T10:57:49.211+08:00  INFO 10092 --- [ClothWashing] [main] c.example.demo.ClothWashingApplication   : No active profile set, falling back to 1 default profile: "default"
2025-06-13T10:57:49.625+08:00  INFO 10092 --- [ClothWashing] [main] .s.d.r.c.RepositoryConfigurationDelegate : Multiple Spring Data modules found, entering strict repository configuration mode
2025-06-13T10:57:49.626+08:00  INFO 10092 --- [ClothWashing] [main] .s.d.r.c.RepositoryConfigurationDelegate : Bootstrapping Spring Data JDBC repositories in DEFAULT mode.
2025-06-13T10:57:49.649+08:00  INFO 10092 --- [ClothWashing] [main] .RepositoryConfigurationExtensionSupport : Spring Data JDBC - Could not safely identify store assignment for repository candidate interface com.example.demo.repository.ClothRepository; If you want this repository to be a JDBC repository, consider annotating your entities with one of these annotations: org.springframework.data.relational.core.mapping.Table.
2025-06-13T10:57:49.650+08:00  INFO 10092 --- [ClothWashing] [main] .RepositoryConfigurationExtensionSupport : Spring Data JDBC - Could not safely identify store assignment for repository candidate interface com.example.demo.repository.ContentRepository; If you want this repository to be a JDBC repository, consider annotating your entities with one of these annotations: org.springframework.data.relational.core.mapping.Table.
2025-06-13T10:57:49.651+08:00  INFO 10092 --- [ClothWashing] [main] .RepositoryConfigurationExtensionSupport : Spring Data JDBC - Could not safely identify store assignment for repository candidate interface com.example.demo.repository.ItemRepository; If you want this repository to be a JDBC repository, consider annotating your entities with one of these annotations: org.springframework.data.relational.core.mapping.Table.
2025-06-13T10:57:49.652+08:00  INFO 10092 --- [ClothWashing] [main] .RepositoryConfigurationExtensionSupport : Spring Data JDBC - Could not safely identify store assignment for repository candidate interface com.example.demo.repository.ReceiverRepository; If you want this repository to be a JDBC repository, consider annotating your entities with one of these annotations: org.springframework.data.relational.core.mapping.Table.
2025-06-13T10:57:49.653+08:00  INFO 10092 --- [ClothWashing] [main] .RepositoryConfigurationExtensionSupport : Spring Data JDBC - Could not safely identify store assignment for repository candidate interface com.example.demo.repository.SenderRepository; If you want this repository to be a JDBC repository, consider annotating your entities with one of these annotations: org.springframework.data.relational.core.mapping.Table.
2025-06-13T10:57:49.653+08:00  INFO 10092 --- [ClothWashing] [main] .RepositoryConfigurationExtensionSupport : Spring Data JDBC - Could not safely identify store assignment for repository candidate interface com.example.demo.repository.UserRepository; If you want this repository to be a JDBC repository, consider annotating your entities with one of these annotations: org.springframework.data.relational.core.mapping.Table.
2025-06-13T10:57:49.654+08:00  INFO 10092 --- [ClothWashing] [main] .s.d.r.c.RepositoryConfigurationDelegate : Finished Spring Data repository scanning in 23 ms. Found 0 JDBC repository interfaces.
2025-06-13T10:57:49.661+08:00  INFO 10092 --- [ClothWashing] [main] .s.d.r.c.RepositoryConfigurationDelegate : Multiple Spring Data modules found, entering strict repository configuration mode
2025-06-13T10:57:49.661+08:00  INFO 10092 --- [ClothWashing] [main] .s.d.r.c.RepositoryConfigurationDelegate : Bootstrapping Spring Data JPA repositories in DEFAULT mode.
2025-06-13T10:57:49.685+08:00  INFO 10092 --- [ClothWashing] [main] .s.d.r.c.RepositoryConfigurationDelegate : Finished Spring Data repository scanning in 20 ms. Found 6 JPA repository interfaces.
2025-06-13T10:57:49.978+08:00  INFO 10092 --- [ClothWashing] [main] o.s.b.w.embedded.tomcat.TomcatWebServer  : Tomcat initialized with port 8081 (http)
2025-06-13T10:57:49.988+08:00  INFO 10092 --- [ClothWashing] [main] o.apache.catalina.core.StandardService   : Starting service [Tomcat]
2025-06-13T10:57:49.988+08:00  INFO 10092 --- [ClothWashing] [main] o.apache.catalina.core.StandardEngine    : Starting Servlet engine: [Apache Tomcat/10.1.40]
2025-06-13T10:57:50.099+08:00  INFO 10092 --- [ClothWashing] [main] org.apache.jasper.servlet.TldScanner     : At least one JAR was scanned for TLDs yet contained no TLDs. Enable debug logging for this logger for a complete list of JARs that were scanned but no TLDs were found in them. Skipping unneeded JARs during scanning can improve startup time and JSP compilation time.
2025-06-13T10:57:50.103+08:00  INFO 10092 --- [ClothWashing] [main] o.a.c.c.C.[Tomcat].[localhost].[/]       : Initializing Spring embedded WebApplicationContext
2025-06-13T10:57:50.103+08:00  INFO 10092 --- [ClothWashing] [main] w.s.c.ServletWebServerApplicationContext : Root WebApplicationContext: initialization completed in 865 ms
2025-06-13T10:57:50.193+08:00  INFO 10092 --- [ClothWashing] [main] o.hibernate.jpa.internal.util.LogHelper  : HHH000204: Processing PersistenceUnitInfo [name: default]
2025-06-13T10:57:50.240+08:00  INFO 10092 --- [ClothWashing] [main] org.hibernate.Version                    : HHH000412: Hibernate ORM core version 6.6.13.Final
2025-06-13T10:57:50.263+08:00  INFO 10092 --- [ClothWashing] [main] o.h.c.internal.RegionFactoryInitiator    : HHH000026: Second-level cache disabled
2025-06-13T10:57:50.452+08:00  INFO 10092 --- [ClothWashing] [main] o.s.o.j.p.SpringPersistenceUnitInfo      : No LoadTimeWeaver setup: ignoring JPA class transformer
2025-06-13T10:57:50.474+08:00  INFO 10092 --- [ClothWashing] [main] com.zaxxer.hikari.HikariDataSource       : HikariPool-1 - Starting...
2025-06-13T10:57:50.583+08:00  INFO 10092 --- [ClothWashing] [main] com.zaxxer.hikari.pool.HikariPool        : HikariPool-1 - Added connection com.mysql.cj.jdbc.ConnectionImpl@15cee630
2025-06-13T10:57:50.584+08:00  INFO 10092 --- [ClothWashing] [main] com.zaxxer.hikari.HikariDataSource       : HikariPool-1 - Start completed.
2025-06-13T10:57:50.641+08:00  INFO 10092 --- [ClothWashing] [main] org.hibernate.orm.connections.pooling    : HHH10001005: Database info:
	Database JDBC URL [Connecting through datasource 'HikariDataSource (HikariPool-1)']
	Database driver: undefined/unknown
	Database version: 8.0.34
	Autocommit mode: undefined/unknown
	Isolation level: undefined/unknown
	Minimum pool size: undefined/unknown
	Maximum pool size: undefined/unknown
2025-06-13T10:57:51.260+08:00  INFO 10092 --- [ClothWashing] [main] o.h.e.t.j.p.i.JtaPlatformInitiator       : HHH000489: No JTA platform available (set 'hibernate.transaction.jta.platform' to enable JTA platform integration)
2025-06-13T10:57:51.310+08:00  INFO 10092 --- [ClothWashing] [main] j.LocalContainerEntityManagerFactoryBean : Initialized JPA EntityManagerFactory for persistence unit 'default'
2025-06-13T10:57:51.459+08:00  INFO 10092 --- [ClothWashing] [main] o.s.d.j.r.query.QueryEnhancerFactory     : Hibernate is in classpath; If applicable, HQL parser will be used.
2025-06-13T10:57:51.844+08:00  INFO 10092 --- [ClothWashing] [main] o.s.b.w.embedded.tomcat.TomcatWebServer  : Tomcat started on port 8081 (http) with context path '/'
2025-06-13T10:57:51.848+08:00  INFO 10092 --- [ClothWashing] [main] c.example.demo.ClothWashingApplication   : Started ClothWashingApplication in 2.909 seconds (process running for 3.3)
2025-06-13T10:58:35.939+08:00  INFO 10092 --- [ClothWashing] [http-nio-8081-exec-1] o.a.c.c.C.[Tomcat].[localhost].[/]       : Initializing Spring DispatcherServlet 'dispatcherServlet'
2025-06-13T10:58:35.939+08:00  INFO 10092 --- [ClothWashing] [http-nio-8081-exec-1] o.s.web.servlet.DispatcherServlet        : Initializing Servlet 'dispatcherServlet'
2025-06-13T10:58:35.940+08:00  INFO 10092 --- [ClothWashing] [http-nio-8081-exec-1] o.s.web.servlet.DispatcherServlet        : Completed initialization in 0 ms
2025-06-13T13:43:47.294+08:00  INFO 10092 --- [ClothWashing] [RMI TCP Connection(176)-127.0.0.1] inMXBeanRegistrar$SpringApplicationAdmin : Application shutdown requested.
2025-06-13T13:43:47.296+08:00  INFO 10092 --- [ClothWashing] [RMI TCP Connection(176)-127.0.0.1] o.s.b.w.e.tomcat.GracefulShutdown        : Commencing graceful shutdown. Waiting for active requests to complete
2025-06-13T13:43:47.298+08:00  INFO 10092 --- [ClothWashing] [tomcat-shutdown] o.s.b.w.e.tomcat.GracefulShutdown        : Graceful shutdown complete
2025-06-13T13:43:47.300+08:00  INFO 10092 --- [ClothWashing] [RMI TCP Connection(176)-127.0.0.1] j.LocalContainerEntityManagerFactoryBean : Closing JPA EntityManagerFactory for persistence unit 'default'
2025-06-13T13:43:47.302+08:00  INFO 10092 --- [ClothWashing] [RMI TCP Connection(176)-127.0.0.1] com.zaxxer.hikari.HikariDataSource       : HikariPool-1 - Shutdown initiated...
2025-06-13T13:43:47.303+08:00  INFO 10092 --- [ClothWashing] [RMI TCP Connection(176)-127.0.0.1] com.zaxxer.hikari.HikariDataSource       : HikariPool-1 - Shutdown completed.
2025-06-13T13:43:48.629+08:00  INFO 10420 --- [ClothWashing] [main] c.example.demo.ClothWashingApplication   : Starting ClothWashingApplication using Java 21.0.6 with PID 10420 (C:\Users\NTPU\git\clothwashing\target\classes started by NTPU in C:\Users\NTPU\git\clothwashing)
2025-06-13T13:43:48.630+08:00  INFO 10420 --- [ClothWashing] [main] c.example.demo.ClothWashingApplication   : No active profile set, falling back to 1 default profile: "default"
2025-06-13T13:43:48.951+08:00  INFO 10420 --- [ClothWashing] [main] .s.d.r.c.RepositoryConfigurationDelegate : Multiple Spring Data modules found, entering strict repository configuration mode
2025-06-13T13:43:48.952+08:00  INFO 10420 --- [ClothWashing] [main] .s.d.r.c.RepositoryConfigurationDelegate : Bootstrapping Spring Data JDBC repositories in DEFAULT mode.
2025-06-13T13:43:48.970+08:00  INFO 10420 --- [ClothWashing] [main] .RepositoryConfigurationExtensionSupport : Spring Data JDBC - Could not safely identify store assignment for repository candidate interface com.example.demo.repository.ClothRepository; If you want this repository to be a JDBC repository, consider annotating your entities with one of these annotations: org.springframework.data.relational.core.mapping.Table.
2025-06-13T13:43:48.971+08:00  INFO 10420 --- [ClothWashing] [main] .RepositoryConfigurationExtensionSupport : Spring Data JDBC - Could not safely identify store assignment for repository candidate interface com.example.demo.repository.ContentRepository; If you want this repository to be a JDBC repository, consider annotating your entities with one of these annotations: org.springframework.data.relational.core.mapping.Table.
2025-06-13T13:43:48.972+08:00  INFO 10420 --- [ClothWashing] [main] .RepositoryConfigurationExtensionSupport : Spring Data JDBC - Could not safely identify store assignment for repository candidate interface com.example.demo.repository.ItemRepository; If you want this repository to be a JDBC repository, consider annotating your entities with one of these annotations: org.springframework.data.relational.core.mapping.Table.
2025-06-13T13:43:48.972+08:00  INFO 10420 --- [ClothWashing] [main] .RepositoryConfigurationExtensionSupport : Spring Data JDBC - Could not safely identify store assignment for repository candidate interface com.example.demo.repository.ReceiverRepository; If you want this repository to be a JDBC repository, consider annotating your entities with one of these annotations: org.springframework.data.relational.core.mapping.Table.
2025-06-13T13:43:48.973+08:00  INFO 10420 --- [ClothWashing] [main] .RepositoryConfigurationExtensionSupport : Spring Data JDBC - Could not safely identify store assignment for repository candidate interface com.example.demo.repository.SenderRepository; If you want this repository to be a JDBC repository, consider annotating your entities with one of these annotations: org.springframework.data.relational.core.mapping.Table.
2025-06-13T13:43:48.974+08:00  INFO 10420 --- [ClothWashing] [main] .RepositoryConfigurationExtensionSupport : Spring Data JDBC - Could not safely identify store assignment for repository candidate interface com.example.demo.repository.UserRepository; If you want this repository to be a JDBC repository, consider annotating your entities with one of these annotations: org.springframework.data.relational.core.mapping.Table.
2025-06-13T13:43:48.974+08:00  INFO 10420 --- [ClothWashing] [main] .s.d.r.c.RepositoryConfigurationDelegate : Finished Spring Data repository scanning in 19 ms. Found 0 JDBC repository interfaces.
2025-06-13T13:43:48.980+08:00  INFO 10420 --- [ClothWashing] [main] .s.d.r.c.RepositoryConfigurationDelegate : Multiple Spring Data modules found, entering strict repository configuration mode
2025-06-13T13:43:48.980+08:00  INFO 10420 --- [ClothWashing] [main] .s.d.r.c.RepositoryConfigurationDelegate : Bootstrapping Spring Data JPA repositories in DEFAULT mode.
2025-06-13T13:43:49.001+08:00  INFO 10420 --- [ClothWashing] [main] .s.d.r.c.RepositoryConfigurationDelegate : Finished Spring Data repository scanning in 18 ms. Found 6 JPA repository interfaces.
2025-06-13T13:43:49.253+08:00  INFO 10420 --- [ClothWashing] [main] o.s.b.w.embedded.tomcat.TomcatWebServer  : Tomcat initialized with port 8081 (http)
2025-06-13T13:43:49.262+08:00  INFO 10420 --- [ClothWashing] [main] o.apache.catalina.core.StandardService   : Starting service [Tomcat]
2025-06-13T13:43:49.262+08:00  INFO 10420 --- [ClothWashing] [main] o.apache.catalina.core.StandardEngine    : Starting Servlet engine: [Apache Tomcat/10.1.40]
2025-06-13T13:43:49.368+08:00  INFO 10420 --- [ClothWashing] [main] org.apache.jasper.servlet.TldScanner     : At least one JAR was scanned for TLDs yet contained no TLDs. Enable debug logging for this logger for a complete list of JARs that were scanned but no TLDs were found in them. Skipping unneeded JARs during scanning can improve startup time and JSP compilation time.
2025-06-13T13:43:49.372+08:00  INFO 10420 --- [ClothWashing] [main] o.a.c.c.C.[Tomcat].[localhost].[/]       : Initializing Spring embedded WebApplicationContext
2025-06-13T13:43:49.372+08:00  INFO 10420 --- [ClothWashing] [main] w.s.c.ServletWebServerApplicationContext : Root WebApplicationContext: initialization completed in 719 ms
2025-06-13T13:43:49.451+08:00  INFO 10420 --- [ClothWashing] [main] o.hibernate.jpa.internal.util.LogHelper  : HHH000204: Processing PersistenceUnitInfo [name: default]
2025-06-13T13:43:49.484+08:00  INFO 10420 --- [ClothWashing] [main] org.hibernate.Version                    : HHH000412: Hibernate ORM core version 6.6.13.Final
2025-06-13T13:43:49.502+08:00  INFO 10420 --- [ClothWashing] [main] o.h.c.internal.RegionFactoryInitiator    : HHH000026: Second-level cache disabled
2025-06-13T13:43:49.639+08:00  INFO 10420 --- [ClothWashing] [main] o.s.o.j.p.SpringPersistenceUnitInfo      : No LoadTimeWeaver setup: ignoring JPA class transformer
2025-06-13T13:43:49.656+08:00  INFO 10420 --- [ClothWashing] [main] com.zaxxer.hikari.HikariDataSource       : HikariPool-1 - Starting...
2025-06-13T13:43:49.741+08:00  INFO 10420 --- [ClothWashing] [main] com.zaxxer.hikari.pool.HikariPool        : HikariPool-1 - Added connection com.mysql.cj.jdbc.ConnectionImpl@15cee630
2025-06-13T13:43:49.742+08:00  INFO 10420 --- [ClothWashing] [main] com.zaxxer.hikari.HikariDataSource       : HikariPool-1 - Start completed.
2025-06-13T13:43:49.784+08:00  INFO 10420 --- [ClothWashing] [main] org.hibernate.orm.connections.pooling    : HHH10001005: Database info:
	Database JDBC URL [Connecting through datasource 'HikariDataSource (HikariPool-1)']
	Database driver: undefined/unknown
	Database version: 8.0.34
	Autocommit mode: undefined/unknown
	Isolation level: undefined/unknown
	Minimum pool size: undefined/unknown
	Maximum pool size: undefined/unknown
2025-06-13T13:43:50.324+08:00  INFO 10420 --- [ClothWashing] [main] o.h.e.t.j.p.i.JtaPlatformInitiator       : HHH000489: No JTA platform available (set 'hibernate.transaction.jta.platform' to enable JTA platform integration)
2025-06-13T13:43:50.846+08:00  INFO 10420 --- [ClothWashing] [main] j.LocalContainerEntityManagerFactoryBean : Initialized JPA EntityManagerFactory for persistence unit 'default'
2025-06-13T13:43:50.973+08:00  INFO 10420 --- [ClothWashing] [main] o.s.d.j.r.query.QueryEnhancerFactory     : Hibernate is in classpath; If applicable, HQL parser will be used.
2025-06-13T13:43:51.277+08:00  INFO 10420 --- [ClothWashing] [main] o.s.b.w.embedded.tomcat.TomcatWebServer  : Tomcat started on port 8081 (http) with context path '/'
2025-06-13T13:43:51.281+08:00  INFO 10420 --- [ClothWashing] [main] c.example.demo.ClothWashingApplication   : Started ClothWashingApplication in 2.856 seconds (process running for 3.15)
2025-06-13T13:44:42.903+08:00  INFO 10420 --- [ClothWashing] [http-nio-8081-exec-1] o.a.c.c.C.[Tomcat].[localhost].[/]       : Initializing Spring DispatcherServlet 'dispatcherServlet'
2025-06-13T13:44:42.903+08:00  INFO 10420 --- [ClothWashing] [http-nio-8081-exec-1] o.s.web.servlet.DispatcherServlet        : Initializing Servlet 'dispatcherServlet'
2025-06-13T13:44:42.904+08:00  INFO 10420 --- [ClothWashing] [http-nio-8081-exec-1] o.s.web.servlet.DispatcherServlet        : Completed initialization in 1 ms
2025-06-15T03:44:30.440+08:00  INFO 7480 --- [ClothWashing] [main] c.example.demo.ClothWashingApplication   : Starting ClothWashingApplication using Java 21.0.6 with PID 7480 (C:\Users\User\git\clothwashing\target\classes started by User in C:\Users\User\git\clothwashing)
2025-06-15T03:44:30.447+08:00  INFO 7480 --- [ClothWashing] [main] c.example.demo.ClothWashingApplication   : No active profile set, falling back to 1 default profile: "default"
2025-06-15T03:44:31.154+08:00  INFO 7480 --- [ClothWashing] [main] .s.d.r.c.RepositoryConfigurationDelegate : Multiple Spring Data modules found, entering strict repository configuration mode
2025-06-15T03:44:31.155+08:00  INFO 7480 --- [ClothWashing] [main] .s.d.r.c.RepositoryConfigurationDelegate : Bootstrapping Spring Data JDBC repositories in DEFAULT mode.
2025-06-15T03:44:31.187+08:00  INFO 7480 --- [ClothWashing] [main] .RepositoryConfigurationExtensionSupport : Spring Data JDBC - Could not safely identify store assignment for repository candidate interface com.example.demo.repository.ClothRepository; If you want this repository to be a JDBC repository, consider annotating your entities with one of these annotations: org.springframework.data.relational.core.mapping.Table.
2025-06-15T03:44:31.189+08:00  INFO 7480 --- [ClothWashing] [main] .RepositoryConfigurationExtensionSupport : Spring Data JDBC - Could not safely identify store assignment for repository candidate interface com.example.demo.repository.ContentRepository; If you want this repository to be a JDBC repository, consider annotating your entities with one of these annotations: org.springframework.data.relational.core.mapping.Table.
2025-06-15T03:44:31.190+08:00  INFO 7480 --- [ClothWashing] [main] .RepositoryConfigurationExtensionSupport : Spring Data JDBC - Could not safely identify store assignment for repository candidate interface com.example.demo.repository.ItemRepository; If you want this repository to be a JDBC repository, consider annotating your entities with one of these annotations: org.springframework.data.relational.core.mapping.Table.
2025-06-15T03:44:31.191+08:00  INFO 7480 --- [ClothWashing] [main] .RepositoryConfigurationExtensionSupport : Spring Data JDBC - Could not safely identify store assignment for repository candidate interface com.example.demo.repository.ReceiverRepository; If you want this repository to be a JDBC repository, consider annotating your entities with one of these annotations: org.springframework.data.relational.core.mapping.Table.
2025-06-15T03:44:31.192+08:00  INFO 7480 --- [ClothWashing] [main] .RepositoryConfigurationExtensionSupport : Spring Data JDBC - Could not safely identify store assignment for repository candidate interface com.example.demo.repository.SenderRepository; If you want this repository to be a JDBC repository, consider annotating your entities with one of these annotations: org.springframework.data.relational.core.mapping.Table.
2025-06-15T03:44:31.193+08:00  INFO 7480 --- [ClothWashing] [main] .RepositoryConfigurationExtensionSupport : Spring Data JDBC - Could not safely identify store assignment for repository candidate interface com.example.demo.repository.UserRepository; If you want this repository to be a JDBC repository, consider annotating your entities with one of these annotations: org.springframework.data.relational.core.mapping.Table.
2025-06-15T03:44:31.194+08:00  INFO 7480 --- [ClothWashing] [main] .s.d.r.c.RepositoryConfigurationDelegate : Finished Spring Data repository scanning in 35 ms. Found 0 JDBC repository interfaces.
2025-06-15T03:44:31.207+08:00  INFO 7480 --- [ClothWashing] [main] .s.d.r.c.RepositoryConfigurationDelegate : Multiple Spring Data modules found, entering strict repository configuration mode
2025-06-15T03:44:31.207+08:00  INFO 7480 --- [ClothWashing] [main] .s.d.r.c.RepositoryConfigurationDelegate : Bootstrapping Spring Data JPA repositories in DEFAULT mode.
2025-06-15T03:44:31.243+08:00  INFO 7480 --- [ClothWashing] [main] .s.d.r.c.RepositoryConfigurationDelegate : Finished Spring Data repository scanning in 31 ms. Found 6 JPA repository interfaces.
2025-06-15T03:44:31.785+08:00  INFO 7480 --- [ClothWashing] [main] o.s.b.w.embedded.tomcat.TomcatWebServer  : Tomcat initialized with port 8081 (http)
2025-06-15T03:44:31.802+08:00  INFO 7480 --- [ClothWashing] [main] o.apache.catalina.core.StandardService   : Starting service [Tomcat]
2025-06-15T03:44:31.802+08:00  INFO 7480 --- [ClothWashing] [main] o.apache.catalina.core.StandardEngine    : Starting Servlet engine: [Apache Tomcat/10.1.40]
2025-06-15T03:44:32.008+08:00  INFO 7480 --- [ClothWashing] [main] org.apache.jasper.servlet.TldScanner     : At least one JAR was scanned for TLDs yet contained no TLDs. Enable debug logging for this logger for a complete list of JARs that were scanned but no TLDs were found in them. Skipping unneeded JARs during scanning can improve startup time and JSP compilation time.
2025-06-15T03:44:32.015+08:00  INFO 7480 --- [ClothWashing] [main] o.a.c.c.C.[Tomcat].[localhost].[/]       : Initializing Spring embedded WebApplicationContext
2025-06-15T03:44:32.015+08:00  INFO 7480 --- [ClothWashing] [main] w.s.c.ServletWebServerApplicationContext : Root WebApplicationContext: initialization completed in 1537 ms
2025-06-15T03:44:32.210+08:00  INFO 7480 --- [ClothWashing] [main] o.hibernate.jpa.internal.util.LogHelper  : HHH000204: Processing PersistenceUnitInfo [name: default]
2025-06-15T03:44:32.390+08:00  INFO 7480 --- [ClothWashing] [main] org.hibernate.Version                    : HHH000412: Hibernate ORM core version 6.6.13.Final
2025-06-15T03:44:32.457+08:00  INFO 7480 --- [ClothWashing] [main] o.h.c.internal.RegionFactoryInitiator    : HHH000026: Second-level cache disabled
2025-06-15T03:44:32.910+08:00  INFO 7480 --- [ClothWashing] [main] o.s.o.j.p.SpringPersistenceUnitInfo      : No LoadTimeWeaver setup: ignoring JPA class transformer
2025-06-15T03:44:32.952+08:00  INFO 7480 --- [ClothWashing] [main] com.zaxxer.hikari.HikariDataSource       : HikariPool-1 - Starting...
2025-06-15T03:44:33.772+08:00  INFO 7480 --- [ClothWashing] [main] com.zaxxer.hikari.pool.HikariPool        : HikariPool-1 - Added connection com.mysql.cj.jdbc.ConnectionImpl@797f97e3
2025-06-15T03:44:33.774+08:00  INFO 7480 --- [ClothWashing] [main] com.zaxxer.hikari.HikariDataSource       : HikariPool-1 - Start completed.
2025-06-15T03:44:34.072+08:00  INFO 7480 --- [ClothWashing] [main] org.hibernate.orm.connections.pooling    : HHH10001005: Database info:
	Database JDBC URL [Connecting through datasource 'HikariDataSource (HikariPool-1)']
	Database driver: undefined/unknown
	Database version: 8.0.34
	Autocommit mode: undefined/unknown
	Isolation level: undefined/unknown
	Minimum pool size: undefined/unknown
	Maximum pool size: undefined/unknown
2025-06-15T03:44:35.372+08:00  INFO 7480 --- [ClothWashing] [main] o.h.e.t.j.p.i.JtaPlatformInitiator       : HHH000489: No JTA platform available (set 'hibernate.transaction.jta.platform' to enable JTA platform integration)
2025-06-15T03:44:35.933+08:00  INFO 7480 --- [ClothWashing] [main] j.LocalContainerEntityManagerFactoryBean : Initialized JPA EntityManagerFactory for persistence unit 'default'
2025-06-15T03:44:36.183+08:00  INFO 7480 --- [ClothWashing] [main] o.s.d.j.r.query.QueryEnhancerFactory     : Hibernate is in classpath; If applicable, HQL parser will be used.
2025-06-15T03:44:36.850+08:00  INFO 7480 --- [ClothWashing] [main] o.s.b.w.embedded.tomcat.TomcatWebServer  : Tomcat started on port 8081 (http) with context path '/'
2025-06-15T03:44:36.859+08:00  INFO 7480 --- [ClothWashing] [main] c.example.demo.ClothWashingApplication   : Started ClothWashingApplication in 6.76 seconds (process running for 7.825)
2025-06-15T03:46:11.259+08:00  INFO 7480 --- [ClothWashing] [RMI TCP Connection(9)-127.0.0.1] inMXBeanRegistrar$SpringApplicationAdmin : Application shutdown requested.
2025-06-15T03:46:11.262+08:00  INFO 7480 --- [ClothWashing] [RMI TCP Connection(9)-127.0.0.1] o.s.b.w.e.tomcat.GracefulShutdown        : Commencing graceful shutdown. Waiting for active requests to complete
2025-06-15T03:46:11.266+08:00  INFO 7480 --- [ClothWashing] [tomcat-shutdown] o.s.b.w.e.tomcat.GracefulShutdown        : Graceful shutdown complete
2025-06-15T03:46:11.270+08:00  INFO 7480 --- [ClothWashing] [RMI TCP Connection(9)-127.0.0.1] j.LocalContainerEntityManagerFactoryBean : Closing JPA EntityManagerFactory for persistence unit 'default'
2025-06-15T03:46:11.273+08:00  INFO 7480 --- [ClothWashing] [RMI TCP Connection(9)-127.0.0.1] com.zaxxer.hikari.HikariDataSource       : HikariPool-1 - Shutdown initiated...
2025-06-15T03:46:11.276+08:00  INFO 7480 --- [ClothWashing] [RMI TCP Connection(9)-127.0.0.1] com.zaxxer.hikari.HikariDataSource       : HikariPool-1 - Shutdown completed.
2025-06-15T03:46:13.739+08:00  INFO 8164 --- [ClothWashing] [main] c.example.demo.ClothWashingApplication   : Starting ClothWashingApplication using Java 21.0.6 with PID 8164 (C:\Users\User\git\clothwashing\target\classes started by User in C:\Users\User\git\clothwashing)
2025-06-15T03:46:13.740+08:00  INFO 8164 --- [ClothWashing] [main] c.example.demo.ClothWashingApplication   : No active profile set, falling back to 1 default profile: "default"
2025-06-15T03:46:14.291+08:00  INFO 8164 --- [ClothWashing] [main] .s.d.r.c.RepositoryConfigurationDelegate : Multiple Spring Data modules found, entering strict repository configuration mode
2025-06-15T03:46:14.292+08:00  INFO 8164 --- [ClothWashing] [main] .s.d.r.c.RepositoryConfigurationDelegate : Bootstrapping Spring Data JDBC repositories in DEFAULT mode.
2025-06-15T03:46:14.323+08:00  INFO 8164 --- [ClothWashing] [main] .RepositoryConfigurationExtensionSupport : Spring Data JDBC - Could not safely identify store assignment for repository candidate interface com.example.demo.repository.ClothRepository; If you want this repository to be a JDBC repository, consider annotating your entities with one of these annotations: org.springframework.data.relational.core.mapping.Table.
2025-06-15T03:46:14.324+08:00  INFO 8164 --- [ClothWashing] [main] .RepositoryConfigurationExtensionSupport : Spring Data JDBC - Could not safely identify store assignment for repository candidate interface com.example.demo.repository.ContentRepository; If you want this repository to be a JDBC repository, consider annotating your entities with one of these annotations: org.springframework.data.relational.core.mapping.Table.
2025-06-15T03:46:14.325+08:00  INFO 8164 --- [ClothWashing] [main] .RepositoryConfigurationExtensionSupport : Spring Data JDBC - Could not safely identify store assignment for repository candidate interface com.example.demo.repository.ItemRepository; If you want this repository to be a JDBC repository, consider annotating your entities with one of these annotations: org.springframework.data.relational.core.mapping.Table.
2025-06-15T03:46:14.327+08:00  INFO 8164 --- [ClothWashing] [main] .RepositoryConfigurationExtensionSupport : Spring Data JDBC - Could not safely identify store assignment for repository candidate interface com.example.demo.repository.ReceiverRepository; If you want this repository to be a JDBC repository, consider annotating your entities with one of these annotations: org.springframework.data.relational.core.mapping.Table.
2025-06-15T03:46:14.328+08:00  INFO 8164 --- [ClothWashing] [main] .RepositoryConfigurationExtensionSupport : Spring Data JDBC - Could not safely identify store assignment for repository candidate interface com.example.demo.repository.SenderRepository; If you want this repository to be a JDBC repository, consider annotating your entities with one of these annotations: org.springframework.data.relational.core.mapping.Table.
2025-06-15T03:46:14.329+08:00  INFO 8164 --- [ClothWashing] [main] .RepositoryConfigurationExtensionSupport : Spring Data JDBC - Could not safely identify store assignment for repository candidate interface com.example.demo.repository.UserRepository; If you want this repository to be a JDBC repository, consider annotating your entities with one of these annotations: org.springframework.data.relational.core.mapping.Table.
2025-06-15T03:46:14.330+08:00  INFO 8164 --- [ClothWashing] [main] .s.d.r.c.RepositoryConfigurationDelegate : Finished Spring Data repository scanning in 32 ms. Found 0 JDBC repository interfaces.
2025-06-15T03:46:14.338+08:00  INFO 8164 --- [ClothWashing] [main] .s.d.r.c.RepositoryConfigurationDelegate : Multiple Spring Data modules found, entering strict repository configuration mode
2025-06-15T03:46:14.339+08:00  INFO 8164 --- [ClothWashing] [main] .s.d.r.c.RepositoryConfigurationDelegate : Bootstrapping Spring Data JPA repositories in DEFAULT mode.
2025-06-15T03:46:14.377+08:00  INFO 8164 --- [ClothWashing] [main] .s.d.r.c.RepositoryConfigurationDelegate : Finished Spring Data repository scanning in 33 ms. Found 6 JPA repository interfaces.
2025-06-15T03:46:14.892+08:00  INFO 8164 --- [ClothWashing] [main] o.s.b.w.embedded.tomcat.TomcatWebServer  : Tomcat initialized with port 8081 (http)
2025-06-15T03:46:14.911+08:00  INFO 8164 --- [ClothWashing] [main] o.apache.catalina.core.StandardService   : Starting service [Tomcat]
2025-06-15T03:46:14.912+08:00  INFO 8164 --- [ClothWashing] [main] o.apache.catalina.core.StandardEngine    : Starting Servlet engine: [Apache Tomcat/10.1.40]
2025-06-15T03:46:15.204+08:00  INFO 8164 --- [ClothWashing] [main] org.apache.jasper.servlet.TldScanner     : At least one JAR was scanned for TLDs yet contained no TLDs. Enable debug logging for this logger for a complete list of JARs that were scanned but no TLDs were found in them. Skipping unneeded JARs during scanning can improve startup time and JSP compilation time.
2025-06-15T03:46:15.210+08:00  INFO 8164 --- [ClothWashing] [main] o.a.c.c.C.[Tomcat].[localhost].[/]       : Initializing Spring embedded WebApplicationContext
2025-06-15T03:46:15.211+08:00  INFO 8164 --- [ClothWashing] [main] w.s.c.ServletWebServerApplicationContext : Root WebApplicationContext: initialization completed in 1438 ms
2025-06-15T03:46:15.411+08:00  INFO 8164 --- [ClothWashing] [main] o.hibernate.jpa.internal.util.LogHelper  : HHH000204: Processing PersistenceUnitInfo [name: default]
2025-06-15T03:46:15.579+08:00  INFO 8164 --- [ClothWashing] [main] org.hibernate.Version                    : HHH000412: Hibernate ORM core version 6.6.13.Final
2025-06-15T03:46:15.639+08:00  INFO 8164 --- [ClothWashing] [main] o.h.c.internal.RegionFactoryInitiator    : HHH000026: Second-level cache disabled
2025-06-15T03:46:16.049+08:00  INFO 8164 --- [ClothWashing] [main] o.s.o.j.p.SpringPersistenceUnitInfo      : No LoadTimeWeaver setup: ignoring JPA class transformer
2025-06-15T03:46:16.090+08:00  INFO 8164 --- [ClothWashing] [main] com.zaxxer.hikari.HikariDataSource       : HikariPool-1 - Starting...
2025-06-15T03:46:16.263+08:00  INFO 8164 --- [ClothWashing] [main] com.zaxxer.hikari.pool.HikariPool        : HikariPool-1 - Added connection com.mysql.cj.jdbc.ConnectionImpl@273293c8
2025-06-15T03:46:16.265+08:00  INFO 8164 --- [ClothWashing] [main] com.zaxxer.hikari.HikariDataSource       : HikariPool-1 - Start completed.
2025-06-15T03:46:16.384+08:00  INFO 8164 --- [ClothWashing] [main] org.hibernate.orm.connections.pooling    : HHH10001005: Database info:
	Database JDBC URL [Connecting through datasource 'HikariDataSource (HikariPool-1)']
	Database driver: undefined/unknown
	Database version: 8.0.34
	Autocommit mode: undefined/unknown
	Isolation level: undefined/unknown
	Minimum pool size: undefined/unknown
	Maximum pool size: undefined/unknown
2025-06-15T03:46:17.629+08:00  INFO 8164 --- [ClothWashing] [main] o.h.e.t.j.p.i.JtaPlatformInitiator       : HHH000489: No JTA platform available (set 'hibernate.transaction.jta.platform' to enable JTA platform integration)
2025-06-15T03:46:18.489+08:00  INFO 8164 --- [ClothWashing] [main] j.LocalContainerEntityManagerFactoryBean : Initialized JPA EntityManagerFactory for persistence unit 'default'
2025-06-15T03:46:18.697+08:00  INFO 8164 --- [ClothWashing] [main] o.s.d.j.r.query.QueryEnhancerFactory     : Hibernate is in classpath; If applicable, HQL parser will be used.
2025-06-15T03:46:19.165+08:00  INFO 8164 --- [ClothWashing] [main] o.s.b.w.embedded.tomcat.TomcatWebServer  : Tomcat started on port 8081 (http) with context path '/'
2025-06-15T03:46:19.171+08:00  INFO 8164 --- [ClothWashing] [main] c.example.demo.ClothWashingApplication   : Started ClothWashingApplication in 5.828 seconds (process running for 6.868)
2025-06-15T03:47:54.582+08:00  INFO 8164 --- [ClothWashing] [http-nio-8081-exec-1] o.a.c.c.C.[Tomcat].[localhost].[/]       : Initializing Spring DispatcherServlet 'dispatcherServlet'
2025-06-15T03:47:54.582+08:00  INFO 8164 --- [ClothWashing] [http-nio-8081-exec-1] o.s.web.servlet.DispatcherServlet        : Initializing Servlet 'dispatcherServlet'
2025-06-15T03:47:54.583+08:00  INFO 8164 --- [ClothWashing] [http-nio-8081-exec-1] o.s.web.servlet.DispatcherServlet        : Completed initialization in 1 ms
2025-06-15T04:01:02.627+08:00  INFO 8164 --- [ClothWashing] [RMI TCP Connection(24)-127.0.0.1] inMXBeanRegistrar$SpringApplicationAdmin : Application shutdown requested.
2025-06-15T04:01:02.631+08:00  INFO 8164 --- [ClothWashing] [RMI TCP Connection(24)-127.0.0.1] o.s.b.w.e.tomcat.GracefulShutdown        : Commencing graceful shutdown. Waiting for active requests to complete
2025-06-15T04:01:02.637+08:00  INFO 8164 --- [ClothWashing] [tomcat-shutdown] o.s.b.w.e.tomcat.GracefulShutdown        : Graceful shutdown complete
2025-06-15T04:01:02.642+08:00  INFO 8164 --- [ClothWashing] [RMI TCP Connection(24)-127.0.0.1] j.LocalContainerEntityManagerFactoryBean : Closing JPA EntityManagerFactory for persistence unit 'default'
2025-06-15T04:01:02.644+08:00  INFO 8164 --- [ClothWashing] [RMI TCP Connection(24)-127.0.0.1] com.zaxxer.hikari.HikariDataSource       : HikariPool-1 - Shutdown initiated...
2025-06-15T04:01:02.657+08:00  INFO 8164 --- [ClothWashing] [RMI TCP Connection(24)-127.0.0.1] com.zaxxer.hikari.HikariDataSource       : HikariPool-1 - Shutdown completed.
2025-06-15T23:14:34.926+08:00  INFO 1448 --- [ClothWashing] [main] c.example.demo.ClothWashingApplication   : Starting ClothWashingApplication using Java 21.0.6 with PID 1448 (C:\Users\User\git\clothwashing\target\classes started by User in C:\Users\User\git\clothwashing)
2025-06-15T23:14:34.973+08:00  INFO 1448 --- [ClothWashing] [main] c.example.demo.ClothWashingApplication   : No active profile set, falling back to 1 default profile: "default"
2025-06-15T23:14:41.735+08:00  INFO 1448 --- [ClothWashing] [main] .s.d.r.c.RepositoryConfigurationDelegate : Multiple Spring Data modules found, entering strict repository configuration mode
2025-06-15T23:14:41.737+08:00  INFO 1448 --- [ClothWashing] [main] .s.d.r.c.RepositoryConfigurationDelegate : Bootstrapping Spring Data JDBC repositories in DEFAULT mode.
2025-06-15T23:14:41.789+08:00  INFO 1448 --- [ClothWashing] [main] .RepositoryConfigurationExtensionSupport : Spring Data JDBC - Could not safely identify store assignment for repository candidate interface com.example.demo.repository.ClothRepository; If you want this repository to be a JDBC repository, consider annotating your entities with one of these annotations: org.springframework.data.relational.core.mapping.Table.
2025-06-15T23:14:41.791+08:00  INFO 1448 --- [ClothWashing] [main] .RepositoryConfigurationExtensionSupport : Spring Data JDBC - Could not safely identify store assignment for repository candidate interface com.example.demo.repository.ContentRepository; If you want this repository to be a JDBC repository, consider annotating your entities with one of these annotations: org.springframework.data.relational.core.mapping.Table.
2025-06-15T23:14:41.793+08:00  INFO 1448 --- [ClothWashing] [main] .RepositoryConfigurationExtensionSupport : Spring Data JDBC - Could not safely identify store assignment for repository candidate interface com.example.demo.repository.ItemRepository; If you want this repository to be a JDBC repository, consider annotating your entities with one of these annotations: org.springframework.data.relational.core.mapping.Table.
2025-06-15T23:14:41.795+08:00  INFO 1448 --- [ClothWashing] [main] .RepositoryConfigurationExtensionSupport : Spring Data JDBC - Could not safely identify store assignment for repository candidate interface com.example.demo.repository.ReceiverRepository; If you want this repository to be a JDBC repository, consider annotating your entities with one of these annotations: org.springframework.data.relational.core.mapping.Table.
2025-06-15T23:14:41.796+08:00  INFO 1448 --- [ClothWashing] [main] .RepositoryConfigurationExtensionSupport : Spring Data JDBC - Could not safely identify store assignment for repository candidate interface com.example.demo.repository.SenderRepository; If you want this repository to be a JDBC repository, consider annotating your entities with one of these annotations: org.springframework.data.relational.core.mapping.Table.
2025-06-15T23:14:41.798+08:00  INFO 1448 --- [ClothWashing] [main] .RepositoryConfigurationExtensionSupport : Spring Data JDBC - Could not safely identify store assignment for repository candidate interface com.example.demo.repository.UserRepository; If you want this repository to be a JDBC repository, consider annotating your entities with one of these annotations: org.springframework.data.relational.core.mapping.Table.
2025-06-15T23:14:41.799+08:00  INFO 1448 --- [ClothWashing] [main] .s.d.r.c.RepositoryConfigurationDelegate : Finished Spring Data repository scanning in 47 ms. Found 0 JDBC repository interfaces.
2025-06-15T23:14:41.820+08:00  INFO 1448 --- [ClothWashing] [main] .s.d.r.c.RepositoryConfigurationDelegate : Multiple Spring Data modules found, entering strict repository configuration mode
2025-06-15T23:14:41.823+08:00  INFO 1448 --- [ClothWashing] [main] .s.d.r.c.RepositoryConfigurationDelegate : Bootstrapping Spring Data JPA repositories in DEFAULT mode.
2025-06-15T23:14:41.867+08:00  INFO 1448 --- [ClothWashing] [main] .s.d.r.c.RepositoryConfigurationDelegate : Finished Spring Data repository scanning in 35 ms. Found 6 JPA repository interfaces.
2025-06-15T23:14:42.571+08:00  INFO 1448 --- [ClothWashing] [main] o.s.b.w.embedded.tomcat.TomcatWebServer  : Tomcat initialized with port 8081 (http)
2025-06-15T23:14:42.590+08:00  INFO 1448 --- [ClothWashing] [main] o.apache.catalina.core.StandardService   : Starting service [Tomcat]
2025-06-15T23:14:42.590+08:00  INFO 1448 --- [ClothWashing] [main] o.apache.catalina.core.StandardEngine    : Starting Servlet engine: [Apache Tomcat/10.1.40]
2025-06-15T23:14:42.799+08:00  INFO 1448 --- [ClothWashing] [main] org.apache.jasper.servlet.TldScanner     : At least one JAR was scanned for TLDs yet contained no TLDs. Enable debug logging for this logger for a complete list of JARs that were scanned but no TLDs were found in them. Skipping unneeded JARs during scanning can improve startup time and JSP compilation time.
2025-06-15T23:14:42.807+08:00  INFO 1448 --- [ClothWashing] [main] o.a.c.c.C.[Tomcat].[localhost].[/]       : Initializing Spring embedded WebApplicationContext
2025-06-15T23:14:42.807+08:00  INFO 1448 --- [ClothWashing] [main] w.s.c.ServletWebServerApplicationContext : Root WebApplicationContext: initialization completed in 6730 ms
2025-06-15T23:14:43.076+08:00  INFO 1448 --- [ClothWashing] [main] o.hibernate.jpa.internal.util.LogHelper  : HHH000204: Processing PersistenceUnitInfo [name: default]
2025-06-15T23:14:43.221+08:00  INFO 1448 --- [ClothWashing] [main] org.hibernate.Version                    : HHH000412: Hibernate ORM core version 6.6.13.Final
2025-06-15T23:14:43.271+08:00  INFO 1448 --- [ClothWashing] [main] o.h.c.internal.RegionFactoryInitiator    : HHH000026: Second-level cache disabled
2025-06-15T23:14:43.740+08:00  INFO 1448 --- [ClothWashing] [main] o.s.o.j.p.SpringPersistenceUnitInfo      : No LoadTimeWeaver setup: ignoring JPA class transformer
2025-06-15T23:14:43.784+08:00  INFO 1448 --- [ClothWashing] [main] com.zaxxer.hikari.HikariDataSource       : HikariPool-1 - Starting...
2025-06-15T23:14:43.996+08:00  INFO 1448 --- [ClothWashing] [main] com.zaxxer.hikari.pool.HikariPool        : HikariPool-1 - Added connection com.mysql.cj.jdbc.ConnectionImpl@3451fc88
2025-06-15T23:14:43.998+08:00  INFO 1448 --- [ClothWashing] [main] com.zaxxer.hikari.HikariDataSource       : HikariPool-1 - Start completed.
2025-06-15T23:14:44.169+08:00  INFO 1448 --- [ClothWashing] [main] org.hibernate.orm.connections.pooling    : HHH10001005: Database info:
	Database JDBC URL [Connecting through datasource 'HikariDataSource (HikariPool-1)']
	Database driver: undefined/unknown
	Database version: 8.0.34
	Autocommit mode: undefined/unknown
	Isolation level: undefined/unknown
	Minimum pool size: undefined/unknown
	Maximum pool size: undefined/unknown
2025-06-15T23:14:45.574+08:00  INFO 1448 --- [ClothWashing] [main] o.h.e.t.j.p.i.JtaPlatformInitiator       : HHH000489: No JTA platform available (set 'hibernate.transaction.jta.platform' to enable JTA platform integration)
2025-06-15T23:14:45.669+08:00  INFO 1448 --- [ClothWashing] [main] j.LocalContainerEntityManagerFactoryBean : Initialized JPA EntityManagerFactory for persistence unit 'default'
2025-06-15T23:14:46.038+08:00  INFO 1448 --- [ClothWashing] [main] o.s.d.j.r.query.QueryEnhancerFactory     : Hibernate is in classpath; If applicable, HQL parser will be used.
2025-06-15T23:14:46.896+08:00  INFO 1448 --- [ClothWashing] [main] o.s.b.w.embedded.tomcat.TomcatWebServer  : Tomcat started on port 8081 (http) with context path '/'
2025-06-15T23:14:46.901+08:00  INFO 1448 --- [ClothWashing] [main] c.example.demo.ClothWashingApplication   : Started ClothWashingApplication in 22.543 seconds (process running for 25.744)
2025-06-15T23:15:19.987+08:00  INFO 1448 --- [ClothWashing] [http-nio-8081-exec-1] o.a.c.c.C.[Tomcat].[localhost].[/]       : Initializing Spring DispatcherServlet 'dispatcherServlet'
2025-06-15T23:15:19.987+08:00  INFO 1448 --- [ClothWashing] [http-nio-8081-exec-1] o.s.web.servlet.DispatcherServlet        : Initializing Servlet 'dispatcherServlet'
2025-06-15T23:15:19.988+08:00  INFO 1448 --- [ClothWashing] [http-nio-8081-exec-1] o.s.web.servlet.DispatcherServlet        : Completed initialization in 1 ms
